Java Process PID: 31069
----- Thread Details (ps) -----
rickhwa+   31069   31068   31069  0  127 09:21 pts/4    00:00:00 java ThreadPerformanceTest
rickhwa+   31069   31068   31071  2  127 09:21 pts/4    00:00:00 java ThreadPerformanceTest
rickhwa+   31069   31068   31072  0  127 09:21 pts/4    00:00:00 java ThreadPerformanceTest
rickhwa+   31069   31068   31073  0  127 09:21 pts/4    00:00:00 java ThreadPerformanceTest
rickhwa+   31069   31068   31074  0  127 09:21 pts/4    00:00:00 java ThreadPerformanceTest
rickhwa+   31069   31068   31075  0  127 09:21 pts/4    00:00:00 java ThreadPerformanceTest
rickhwa+   31069   31068   31076  0  127 09:21 pts/4    00:00:00 java ThreadPerformanceTest
rickhwa+   31069   31068   31079  0  127 09:21 pts/4    00:00:00 java ThreadPerformanceTest
rickhwa+   31069   31068   31080  0  127 09:21 pts/4    00:00:00 java ThreadPerformanceTest
rickhwa+   31069   31068   31081  0  127 09:21 pts/4    00:00:00 java ThreadPerformanceTest
rickhwa+   31069   31068   31082  0  127 09:21 pts/4    00:00:00 java ThreadPerformanceTest
rickhwa+   31069   31068   31083  0  127 09:21 pts/4    00:00:00 java ThreadPerformanceTest
rickhwa+   31069   31068   31084  0  127 09:21 pts/4    00:00:00 java ThreadPerformanceTest
rickhwa+   31069   31068   31085  0  127 09:21 pts/4    00:00:00 java ThreadPerformanceTest
rickhwa+   31069   31068   31086  5  127 09:21 pts/4    00:00:00 java ThreadPerformanceTest
rickhwa+   31069   31068   31087  0  127 09:21 pts/4    00:00:00 java ThreadPerformanceTest
rickhwa+   31069   31068   31088  0  127 09:21 pts/4    00:00:00 java ThreadPerformanceTest
rickhwa+   31069   31068   31089  0  127 09:21 pts/4    00:00:00 java ThreadPerformanceTest
rickhwa+   31069   31068   31090  0  127 09:21 pts/4    00:00:00 java ThreadPerformanceTest
rickhwa+   31069   31068   31091  0  127 09:21 pts/4    00:00:00 java ThreadPerformanceTest
rickhwa+   31069   31068   31092  0  127 09:21 pts/4    00:00:00 java ThreadPerformanceTest
rickhwa+   31069   31068   31093  0  127 09:21 pts/4    00:00:00 java ThreadPerformanceTest
rickhwa+   31069   31068   31094  0  127 09:21 pts/4    00:00:00 java ThreadPerformanceTest
rickhwa+   31069   31068   31095  0  127 09:21 pts/4    00:00:00 java ThreadPerformanceTest
rickhwa+   31069   31068   31096  0  127 09:21 pts/4    00:00:00 java ThreadPerformanceTest
rickhwa+   31069   31068   31097  0  127 09:21 pts/4    00:00:00 java ThreadPerformanceTest
rickhwa+   31069   31068   31098  0  127 09:21 pts/4    00:00:00 java ThreadPerformanceTest
rickhwa+   31069   31068   31099  0  127 09:21 pts/4    00:00:00 java ThreadPerformanceTest
rickhwa+   31069   31068   31100  0  127 09:21 pts/4    00:00:00 java ThreadPerformanceTest
rickhwa+   31069   31068   31101  0  127 09:21 pts/4    00:00:00 java ThreadPerformanceTest
rickhwa+   31069   31068   31102  0  127 09:21 pts/4    00:00:00 java ThreadPerformanceTest
rickhwa+   31069   31068   31103  0  127 09:21 pts/4    00:00:00 java ThreadPerformanceTest
rickhwa+   31069   31068   31104  0  127 09:21 pts/4    00:00:00 java ThreadPerformanceTest
rickhwa+   31069   31068   31105  0  127 09:21 pts/4    00:00:00 java ThreadPerformanceTest
rickhwa+   31069   31068   31106  0  127 09:21 pts/4    00:00:00 java ThreadPerformanceTest
rickhwa+   31069   31068   31107  0  127 09:21 pts/4    00:00:00 java ThreadPerformanceTest
rickhwa+   31069   31068   31108  0  127 09:21 pts/4    00:00:00 java ThreadPerformanceTest
rickhwa+   31069   31068   31109  0  127 09:21 pts/4    00:00:00 java ThreadPerformanceTest
rickhwa+   31069   31068   31110  0  127 09:21 pts/4    00:00:00 java ThreadPerformanceTest
rickhwa+   31069   31068   31111  0  127 09:21 pts/4    00:00:00 java ThreadPerformanceTest
rickhwa+   31069   31068   31112  0  127 09:21 pts/4    00:00:00 java ThreadPerformanceTest
rickhwa+   31069   31068   31113  0  127 09:21 pts/4    00:00:00 java ThreadPerformanceTest
rickhwa+   31069   31068   31114  0  127 09:21 pts/4    00:00:00 java ThreadPerformanceTest
rickhwa+   31069   31068   31115  0  127 09:21 pts/4    00:00:00 java ThreadPerformanceTest
rickhwa+   31069   31068   31116  0  127 09:21 pts/4    00:00:00 java ThreadPerformanceTest
rickhwa+   31069   31068   31117  0  127 09:21 pts/4    00:00:00 java ThreadPerformanceTest
rickhwa+   31069   31068   31118  0  127 09:21 pts/4    00:00:00 java ThreadPerformanceTest
rickhwa+   31069   31068   31119  0  127 09:21 pts/4    00:00:00 java ThreadPerformanceTest
rickhwa+   31069   31068   31120  0  127 09:21 pts/4    00:00:00 java ThreadPerformanceTest
rickhwa+   31069   31068   31121  0  127 09:21 pts/4    00:00:00 java ThreadPerformanceTest
rickhwa+   31069   31068   31122  0  127 09:21 pts/4    00:00:00 java ThreadPerformanceTest
rickhwa+   31069   31068   31123  0  127 09:21 pts/4    00:00:00 java ThreadPerformanceTest
rickhwa+   31069   31068   31124  0  127 09:21 pts/4    00:00:00 java ThreadPerformanceTest
rickhwa+   31069   31068   31125  0  127 09:21 pts/4    00:00:00 java ThreadPerformanceTest
rickhwa+   31069   31068   31126  0  127 09:21 pts/4    00:00:00 java ThreadPerformanceTest
rickhwa+   31069   31068   31127  0  127 09:21 pts/4    00:00:00 java ThreadPerformanceTest
rickhwa+   31069   31068   31128  0  127 09:21 pts/4    00:00:00 java ThreadPerformanceTest
rickhwa+   31069   31068   31129  0  127 09:21 pts/4    00:00:00 java ThreadPerformanceTest
rickhwa+   31069   31068   31130  0  127 09:21 pts/4    00:00:00 java ThreadPerformanceTest
rickhwa+   31069   31068   31131  0  127 09:21 pts/4    00:00:00 java ThreadPerformanceTest
rickhwa+   31069   31068   31132  0  127 09:21 pts/4    00:00:00 java ThreadPerformanceTest
rickhwa+   31069   31068   31133  0  127 09:21 pts/4    00:00:00 java ThreadPerformanceTest
rickhwa+   31069   31068   31134  0  127 09:21 pts/4    00:00:00 java ThreadPerformanceTest
rickhwa+   31069   31068   31135  0  127 09:21 pts/4    00:00:00 java ThreadPerformanceTest
rickhwa+   31069   31068   31136  0  127 09:21 pts/4    00:00:00 java ThreadPerformanceTest
rickhwa+   31069   31068   31137  0  127 09:21 pts/4    00:00:00 java ThreadPerformanceTest
rickhwa+   31069   31068   31138  0  127 09:21 pts/4    00:00:00 java ThreadPerformanceTest
rickhwa+   31069   31068   31139  0  127 09:21 pts/4    00:00:00 java ThreadPerformanceTest
rickhwa+   31069   31068   31140  0  127 09:21 pts/4    00:00:00 java ThreadPerformanceTest
rickhwa+   31069   31068   31141  0  127 09:21 pts/4    00:00:00 java ThreadPerformanceTest
rickhwa+   31069   31068   31142  0  127 09:21 pts/4    00:00:00 java ThreadPerformanceTest
rickhwa+   31069   31068   31143  0  127 09:21 pts/4    00:00:00 java ThreadPerformanceTest
rickhwa+   31069   31068   31144  0  127 09:21 pts/4    00:00:00 java ThreadPerformanceTest
rickhwa+   31069   31068   31145  0  127 09:21 pts/4    00:00:00 java ThreadPerformanceTest
rickhwa+   31069   31068   31146  0  127 09:21 pts/4    00:00:00 java ThreadPerformanceTest
rickhwa+   31069   31068   31147  0  127 09:21 pts/4    00:00:00 java ThreadPerformanceTest
rickhwa+   31069   31068   31148  0  127 09:21 pts/4    00:00:00 java ThreadPerformanceTest
rickhwa+   31069   31068   31149  0  127 09:21 pts/4    00:00:00 java ThreadPerformanceTest
rickhwa+   31069   31068   31150  0  127 09:21 pts/4    00:00:00 java ThreadPerformanceTest
rickhwa+   31069   31068   31151  0  127 09:21 pts/4    00:00:00 java ThreadPerformanceTest
rickhwa+   31069   31068   31152  0  127 09:21 pts/4    00:00:00 java ThreadPerformanceTest
rickhwa+   31069   31068   31153  0  127 09:21 pts/4    00:00:00 java ThreadPerformanceTest
rickhwa+   31069   31068   31154  0  127 09:21 pts/4    00:00:00 java ThreadPerformanceTest
rickhwa+   31069   31068   31155  0  127 09:21 pts/4    00:00:00 java ThreadPerformanceTest
rickhwa+   31069   31068   31156  0  127 09:21 pts/4    00:00:00 java ThreadPerformanceTest
rickhwa+   31069   31068   31157  0  127 09:21 pts/4    00:00:00 java ThreadPerformanceTest
rickhwa+   31069   31068   31158  0  127 09:21 pts/4    00:00:00 java ThreadPerformanceTest
rickhwa+   31069   31068   31159  0  127 09:21 pts/4    00:00:00 java ThreadPerformanceTest
rickhwa+   31069   31068   31160  0  127 09:21 pts/4    00:00:00 java ThreadPerformanceTest
rickhwa+   31069   31068   31161  0  127 09:21 pts/4    00:00:00 java ThreadPerformanceTest
rickhwa+   31069   31068   31162  0  127 09:21 pts/4    00:00:00 java ThreadPerformanceTest
rickhwa+   31069   31068   31163  0  127 09:21 pts/4    00:00:00 java ThreadPerformanceTest
rickhwa+   31069   31068   31164  0  127 09:21 pts/4    00:00:00 java ThreadPerformanceTest
rickhwa+   31069   31068   31165  0  127 09:21 pts/4    00:00:00 java ThreadPerformanceTest
rickhwa+   31069   31068   31166  0  127 09:21 pts/4    00:00:00 java ThreadPerformanceTest
rickhwa+   31069   31068   31167  0  127 09:21 pts/4    00:00:00 java ThreadPerformanceTest
rickhwa+   31069   31068   31168  0  127 09:21 pts/4    00:00:00 java ThreadPerformanceTest
rickhwa+   31069   31068   31169  0  127 09:21 pts/4    00:00:00 java ThreadPerformanceTest
rickhwa+   31069   31068   31170  0  127 09:21 pts/4    00:00:00 java ThreadPerformanceTest
rickhwa+   31069   31068   31171  0  127 09:21 pts/4    00:00:00 java ThreadPerformanceTest
rickhwa+   31069   31068   31172  0  127 09:21 pts/4    00:00:00 java ThreadPerformanceTest
rickhwa+   31069   31068   31173  0  127 09:21 pts/4    00:00:00 java ThreadPerformanceTest
rickhwa+   31069   31068   31174  0  127 09:21 pts/4    00:00:00 java ThreadPerformanceTest
rickhwa+   31069   31068   31175  0  127 09:21 pts/4    00:00:00 java ThreadPerformanceTest
rickhwa+   31069   31068   31176  0  127 09:21 pts/4    00:00:00 java ThreadPerformanceTest
rickhwa+   31069   31068   31177  0  127 09:21 pts/4    00:00:00 java ThreadPerformanceTest
rickhwa+   31069   31068   31178  0  127 09:21 pts/4    00:00:00 java ThreadPerformanceTest
rickhwa+   31069   31068   31179  0  127 09:21 pts/4    00:00:00 java ThreadPerformanceTest
rickhwa+   31069   31068   31180  0  127 09:21 pts/4    00:00:00 java ThreadPerformanceTest
rickhwa+   31069   31068   31181  0  127 09:21 pts/4    00:00:00 java ThreadPerformanceTest
rickhwa+   31069   31068   31182  0  127 09:21 pts/4    00:00:00 java ThreadPerformanceTest
rickhwa+   31069   31068   31183  0  127 09:21 pts/4    00:00:00 java ThreadPerformanceTest
rickhwa+   31069   31068   31184  0  127 09:21 pts/4    00:00:00 java ThreadPerformanceTest
rickhwa+   31069   31068   31185  0  127 09:21 pts/4    00:00:00 java ThreadPerformanceTest
rickhwa+   31069   31068   31186  0  127 09:21 pts/4    00:00:00 java ThreadPerformanceTest
rickhwa+   31069   31068   31187  0  127 09:21 pts/4    00:00:00 java ThreadPerformanceTest
rickhwa+   31069   31068   31188  0  127 09:21 pts/4    00:00:00 java ThreadPerformanceTest
rickhwa+   31069   31068   31189  0  127 09:21 pts/4    00:00:00 java ThreadPerformanceTest
rickhwa+   31069   31068   31190  0  127 09:21 pts/4    00:00:00 java ThreadPerformanceTest
rickhwa+   31069   31068   31191  0  127 09:21 pts/4    00:00:00 java ThreadPerformanceTest
rickhwa+   31069   31068   31192  0  127 09:21 pts/4    00:00:00 java ThreadPerformanceTest
rickhwa+   31069   31068   31193  0  127 09:21 pts/4    00:00:00 java ThreadPerformanceTest
rickhwa+   31069   31068   31194  0  127 09:21 pts/4    00:00:00 java ThreadPerformanceTest
rickhwa+   31069   31068   31195  0  127 09:21 pts/4    00:00:00 java ThreadPerformanceTest
rickhwa+   31069   31068   31196  0  127 09:21 pts/4    00:00:00 java ThreadPerformanceTest
rickhwa+   31069   31068   31197  0  127 09:21 pts/4    00:00:00 java ThreadPerformanceTest
rickhwa+   31069   31068   31198  0  127 09:21 pts/4    00:00:00 java ThreadPerformanceTest
rickhwa+   31223   31068   31223  0    1 09:21 pts/4    00:00:00 grep 31069
----- Resource Usage (top snapshot) -----
top - 09:21:24 up 57 min,  6 users,  load average: 0.10, 1.22, 1.26
Tasks:   1 total,   0 running,   1 sleeping,   0 stopped,   0 zombie
%Cpu(s):  2.5 us,  0.0 sy,  0.0 ni, 97.5 id,  0.0 wa,  0.0 hi,  0.0 si,  0.0 st 
MiB Mem :  15955.8 total,   3244.4 free,   4103.9 used,   8894.2 buff/cache     
MiB Swap:   4096.0 total,   4096.0 free,      0.0 used.  11852.0 avail Mem 

    PID USER      PR  NI    VIRT    RES    SHR S  %CPU  %MEM     TIME+ COMMAND
  31069 rickhwa+  20   0   41.8g 120560  53488 S  20.0   0.7   0:00.84 java
