{ "timestamp": "2024-12-05T20:14:38.178", "level": "INFO", "thread": "main", "class": "com.gtcafe.asimov.Main", "method": "logStarting", "message": "Starting Main using Java 17.0.9 with PID 1809 (/Users/rickhwang/Repos/rickhwang/github/thinking-in-java/springboot-3.x/part8_o11y/01_log-ship-to-es/build/classes/java/main started by rickhwang in /Users/rickhwang/Repos/rickhwang/github/thinking-in-java/springboot-3.x/part8_o11y/01_log-ship-to-es)", "X-Tenant-Id": "" }
{ "timestamp": "2024-12-05T20:14:38.179", "level": "INFO", "thread": "main", "class": "com.gtcafe.asimov.Main", "method": "logStartupProfileInfo", "message": "No active profile set, falling back to 1 default profile: "default"", "X-Tenant-Id": "" }
{ "timestamp": "2024-12-05T20:14:38.491", "level": "INFO", "thread": "main", "class": "org.springframework.boot.web.embedded.tomcat.TomcatWebServer", "method": "initialize", "message": "Tomcat initialized with port 8080 (http)", "X-Tenant-Id": "" }
{ "timestamp": "2024-12-05T20:14:38.495", "level": "INFO", "thread": "main", "class": "org.apache.coyote.http11.Http11NioProtocol", "method": "log", "message": "Initializing ProtocolHandler ["http-nio-8080"]", "X-Tenant-Id": "" }
{ "timestamp": "2024-12-05T20:14:38.496", "level": "INFO", "thread": "main", "class": "org.apache.catalina.core.StandardService", "method": "log", "message": "Starting service [Tomcat]", "X-Tenant-Id": "" }
{ "timestamp": "2024-12-05T20:14:38.496", "level": "INFO", "thread": "main", "class": "org.apache.catalina.core.StandardEngine", "method": "log", "message": "Starting Servlet engine: [Apache Tomcat/10.1.17]", "X-Tenant-Id": "" }
{ "timestamp": "2024-12-05T20:14:38.518", "level": "INFO", "thread": "main", "class": "org.apache.catalina.core.ContainerBase.[Tomcat].[localhost].[/]", "method": "log", "message": "Initializing Spring embedded WebApplicationContext", "X-Tenant-Id": "" }
{ "timestamp": "2024-12-05T20:14:38.518", "level": "INFO", "thread": "main", "class": "org.springframework.boot.web.servlet.context.ServletWebServerApplicationContext", "method": "prepareWebApplicationContext", "message": "Root WebApplicationContext: initialization completed in 322 ms", "X-Tenant-Id": "" }
{ "timestamp": "2024-12-05T20:14:38.630", "level": "INFO", "thread": "main", "class": "org.apache.coyote.http11.Http11NioProtocol", "method": "log", "message": "Starting ProtocolHandler ["http-nio-8080"]", "X-Tenant-Id": "" }
{ "timestamp": "2024-12-05T20:14:38.639", "level": "INFO", "thread": "main", "class": "org.springframework.boot.web.embedded.tomcat.TomcatWebServer", "method": "start", "message": "Tomcat started on port 8080 (http) with context path ''", "X-Tenant-Id": "" }
{ "timestamp": "2024-12-05T20:14:38.644", "level": "INFO", "thread": "main", "class": "com.gtcafe.asimov.Main", "method": "logStarted", "message": "Started Main in 0.676 seconds (process running for 0.791)", "X-Tenant-Id": "" }
{ "timestamp": "2024-12-05T20:16:56.883", "level": "INFO", "thread": "http-nio-8080-exec-1", "class": "org.apache.catalina.core.ContainerBase.[Tomcat].[localhost].[/]", "method": "log", "message": "Initializing Spring DispatcherServlet 'dispatcherServlet'", "X-Tenant-Id": "" }
{ "timestamp": "2024-12-05T20:16:56.884", "level": "INFO", "thread": "http-nio-8080-exec-1", "class": "org.springframework.web.servlet.DispatcherServlet", "method": "initServletBean", "message": "Initializing Servlet 'dispatcherServlet'", "X-Tenant-Id": "" }
{ "timestamp": "2024-12-05T20:16:56.885", "level": "INFO", "thread": "http-nio-8080-exec-1", "class": "org.springframework.web.servlet.DispatcherServlet", "method": "initServletBean", "message": "Completed initialization in 1 ms", "X-Tenant-Id": "" }
{ "timestamp": "2024-12-05T20:16:56.913", "level": "INFO", "thread": "http-nio-8080-exec-1", "class": "com.gtcafe.asimov.LogController", "method": "logEvent", "message": "Received log event: {event=purchase, user=user3, amount=30}", "X-Tenant-Id": "" }
{ "timestamp": "2024-12-05T20:16:58.967", "level": "INFO", "thread": "http-nio-8080-exec-2", "class": "com.gtcafe.asimov.LogController", "method": "logEvent", "message": "Received log event: {event=purchase, user=user3, amount=30}", "X-Tenant-Id": "" }
{ "timestamp": "2024-12-05T20:17:02.013", "level": "INFO", "thread": "http-nio-8080-exec-3", "class": "com.gtcafe.asimov.LogController", "method": "logEvent", "message": "Received log event: {event=purchase, user=user3, amount=30}", "X-Tenant-Id": "" }
{ "timestamp": "2024-12-05T20:17:04.073", "level": "INFO", "thread": "http-nio-8080-exec-4", "class": "com.gtcafe.asimov.LogController", "method": "logEvent", "message": "Received log event: {event=purchase, user=user3, amount=30}", "X-Tenant-Id": "" }
{ "timestamp": "2024-12-05T20:17:05.132", "level": "INFO", "thread": "http-nio-8080-exec-5", "class": "com.gtcafe.asimov.LogController", "method": "logEvent", "message": "Received log event: {event=purchase, user=user3, amount=30}", "X-Tenant-Id": "" }
{ "timestamp": "2024-12-05T20:17:08.194", "level": "INFO", "thread": "http-nio-8080-exec-6", "class": "com.gtcafe.asimov.LogController", "method": "logEvent", "message": "Received log event: {event=purchase, user=user3, amount=30}", "X-Tenant-Id": "" }
{ "timestamp": "2024-12-05T20:17:11.257", "level": "INFO", "thread": "http-nio-8080-exec-7", "class": "com.gtcafe.asimov.LogController", "method": "logEvent", "message": "Received log event: {event=logout, user=user2}", "X-Tenant-Id": "" }
{ "timestamp": "2024-12-05T20:17:13.322", "level": "INFO", "thread": "http-nio-8080-exec-8", "class": "com.gtcafe.asimov.LogController", "method": "logEvent", "message": "Received log event: {event=login, user=user1}", "X-Tenant-Id": "" }
{ "timestamp": "2024-12-05T20:17:16.386", "level": "INFO", "thread": "http-nio-8080-exec-9", "class": "com.gtcafe.asimov.LogController", "method": "logEvent", "message": "Received log event: {event=purchase, user=user3, amount=30}", "X-Tenant-Id": "" }
{ "timestamp": "2024-12-05T20:17:17.455", "level": "INFO", "thread": "http-nio-8080-exec-10", "class": "com.gtcafe.asimov.LogController", "method": "logEvent", "message": "Received log event: {event=purchase, user=user3, amount=30}", "X-Tenant-Id": "" }
{ "timestamp": "2024-12-05T20:17:18.516", "level": "INFO", "thread": "http-nio-8080-exec-1", "class": "com.gtcafe.asimov.LogController", "method": "logEvent", "message": "Received log event: {event=login, user=user1}", "X-Tenant-Id": "" }
{ "timestamp": "2024-12-05T20:17:21.580", "level": "INFO", "thread": "http-nio-8080-exec-2", "class": "com.gtcafe.asimov.LogController", "method": "logEvent", "message": "Received log event: {event=purchase, user=user3, amount=30}", "X-Tenant-Id": "" }
{ "timestamp": "2024-12-05T20:17:24.622", "level": "INFO", "thread": "http-nio-8080-exec-3", "class": "com.gtcafe.asimov.LogController", "method": "logEvent", "message": "Received log event: {event=login, user=user1}", "X-Tenant-Id": "" }
{ "timestamp": "2024-12-05T20:17:25.654", "level": "INFO", "thread": "http-nio-8080-exec-4", "class": "com.gtcafe.asimov.LogController", "method": "logEvent", "message": "Received log event: {event=purchase, user=user3, amount=30}", "X-Tenant-Id": "" }
{ "timestamp": "2024-12-05T20:17:28.717", "level": "INFO", "thread": "http-nio-8080-exec-6", "class": "com.gtcafe.asimov.LogController", "method": "logEvent", "message": "Received log event: {event=logout, user=user2}", "X-Tenant-Id": "" }
{ "timestamp": "2024-12-05T20:17:31.781", "level": "INFO", "thread": "http-nio-8080-exec-7", "class": "com.gtcafe.asimov.LogController", "method": "logEvent", "message": "Received log event: {event=login, user=user1}", "X-Tenant-Id": "" }
{ "timestamp": "2024-12-05T20:17:34.851", "level": "INFO", "thread": "http-nio-8080-exec-8", "class": "com.gtcafe.asimov.LogController", "method": "logEvent", "message": "Received log event: {event=login, user=user1}", "X-Tenant-Id": "" }
{ "timestamp": "2024-12-05T20:17:37.918", "level": "INFO", "thread": "http-nio-8080-exec-9", "class": "com.gtcafe.asimov.LogController", "method": "logEvent", "message": "Received log event: {event=login, user=user1}", "X-Tenant-Id": "" }
{ "timestamp": "2024-12-05T20:17:38.988", "level": "INFO", "thread": "http-nio-8080-exec-10", "class": "com.gtcafe.asimov.LogController", "method": "logEvent", "message": "Received log event: {event=login, user=user1}", "X-Tenant-Id": "" }
{ "timestamp": "2024-12-05T20:17:42.052", "level": "INFO", "thread": "http-nio-8080-exec-1", "class": "com.gtcafe.asimov.LogController", "method": "logEvent", "message": "Received log event: {event=logout, user=user2}", "X-Tenant-Id": "" }
{ "timestamp": "2024-12-05T20:17:45.102", "level": "INFO", "thread": "http-nio-8080-exec-2", "class": "com.gtcafe.asimov.LogController", "method": "logEvent", "message": "Received log event: {event=logout, user=user2}", "X-Tenant-Id": "" }
{ "timestamp": "2024-12-05T20:17:46.163", "level": "INFO", "thread": "http-nio-8080-exec-3", "class": "com.gtcafe.asimov.LogController", "method": "logEvent", "message": "Received log event: {event=purchase, user=user3, amount=30}", "X-Tenant-Id": "" }
{ "timestamp": "2024-12-05T20:17:48.231", "level": "INFO", "thread": "http-nio-8080-exec-4", "class": "com.gtcafe.asimov.LogController", "method": "logEvent", "message": "Received log event: {event=login, user=user1}", "X-Tenant-Id": "" }
{ "timestamp": "2024-12-05T20:17:49.299", "level": "INFO", "thread": "http-nio-8080-exec-5", "class": "com.gtcafe.asimov.LogController", "method": "logEvent", "message": "Received log event: {event=purchase, user=user3, amount=30}", "X-Tenant-Id": "" }
{ "timestamp": "2024-12-05T20:17:50.366", "level": "INFO", "thread": "http-nio-8080-exec-6", "class": "com.gtcafe.asimov.LogController", "method": "logEvent", "message": "Received log event: {event=purchase, user=user3, amount=30}", "X-Tenant-Id": "" }
{ "timestamp": "2024-12-05T20:17:52.401", "level": "INFO", "thread": "http-nio-8080-exec-7", "class": "com.gtcafe.asimov.LogController", "method": "logEvent", "message": "Received log event: {event=logout, user=user2}", "X-Tenant-Id": "" }
{ "timestamp": "2024-12-05T20:17:53.450", "level": "INFO", "thread": "http-nio-8080-exec-8", "class": "com.gtcafe.asimov.LogController", "method": "logEvent", "message": "Received log event: {event=login, user=user1}", "X-Tenant-Id": "" }
{ "timestamp": "2024-12-05T20:17:54.480", "level": "INFO", "thread": "http-nio-8080-exec-9", "class": "com.gtcafe.asimov.LogController", "method": "logEvent", "message": "Received log event: {event=login, user=user1}", "X-Tenant-Id": "" }
{ "timestamp": "2024-12-05T20:17:55.528", "level": "INFO", "thread": "http-nio-8080-exec-10", "class": "com.gtcafe.asimov.LogController", "method": "logEvent", "message": "Received log event: {event=logout, user=user2}", "X-Tenant-Id": "" }
{ "timestamp": "2024-12-05T20:17:56.585", "level": "INFO", "thread": "http-nio-8080-exec-1", "class": "com.gtcafe.asimov.LogController", "method": "logEvent", "message": "Received log event: {event=login, user=user1}", "X-Tenant-Id": "" }
{ "timestamp": "2024-12-05T20:17:58.647", "level": "INFO", "thread": "http-nio-8080-exec-2", "class": "com.gtcafe.asimov.LogController", "method": "logEvent", "message": "Received log event: {event=purchase, user=user3, amount=30}", "X-Tenant-Id": "" }
{ "timestamp": "2024-12-05T20:18:01.722", "level": "INFO", "thread": "http-nio-8080-exec-3", "class": "com.gtcafe.asimov.LogController", "method": "logEvent", "message": "Received log event: {event=purchase, user=user3, amount=30}", "X-Tenant-Id": "" }
{ "timestamp": "2024-12-05T20:18:02.786", "level": "INFO", "thread": "http-nio-8080-exec-4", "class": "com.gtcafe.asimov.LogController", "method": "logEvent", "message": "Received log event: {event=purchase, user=user3, amount=30}", "X-Tenant-Id": "" }
{ "timestamp": "2024-12-05T20:18:03.852", "level": "INFO", "thread": "http-nio-8080-exec-5", "class": "com.gtcafe.asimov.LogController", "method": "logEvent", "message": "Received log event: {event=purchase, user=user3, amount=30}", "X-Tenant-Id": "" }
{ "timestamp": "2024-12-05T20:18:04.899", "level": "INFO", "thread": "http-nio-8080-exec-6", "class": "com.gtcafe.asimov.LogController", "method": "logEvent", "message": "Received log event: {event=purchase, user=user3, amount=30}", "X-Tenant-Id": "" }
{ "timestamp": "2024-12-05T20:18:07.983", "level": "INFO", "thread": "http-nio-8080-exec-7", "class": "com.gtcafe.asimov.LogController", "method": "logEvent", "message": "Received log event: {event=logout, user=user2}", "X-Tenant-Id": "" }
{ "timestamp": "2024-12-05T20:18:10.042", "level": "INFO", "thread": "http-nio-8080-exec-8", "class": "com.gtcafe.asimov.LogController", "method": "logEvent", "message": "Received log event: {event=logout, user=user2}", "X-Tenant-Id": "" }
{ "timestamp": "2024-12-05T20:18:11.108", "level": "INFO", "thread": "http-nio-8080-exec-9", "class": "com.gtcafe.asimov.LogController", "method": "logEvent", "message": "Received log event: {event=login, user=user1}", "X-Tenant-Id": "" }
{ "timestamp": "2024-12-05T20:18:12.172", "level": "INFO", "thread": "http-nio-8080-exec-10", "class": "com.gtcafe.asimov.LogController", "method": "logEvent", "message": "Received log event: {event=purchase, user=user3, amount=30}", "X-Tenant-Id": "" }
{ "timestamp": "2024-12-05T20:18:15.240", "level": "INFO", "thread": "http-nio-8080-exec-1", "class": "com.gtcafe.asimov.LogController", "method": "logEvent", "message": "Received log event: {event=login, user=user1}", "X-Tenant-Id": "" }
